\BOOKMARK [0][-]{chapter*.2}{\376\377\000A\000b\000s\000t\000r\000a\000c\000t}{}% 1
\BOOKMARK [0][-]{chapter*.4}{\376\377\000A\000u\000t\000h\000o\000r\000'\000s\000\040\000d\000e\000c\000l\000a\000r\000a\000t\000i\000o\000n}{}% 2
\BOOKMARK [0][-]{chapter*.5}{\376\377\000L\000i\000s\000t\000\040\000o\000f\000\040\000T\000a\000b\000l\000e\000s}{}% 3
\BOOKMARK [0][-]{chapter*.6}{\376\377\000L\000i\000s\000t\000\040\000o\000f\000\040\000F\000i\000g\000u\000r\000e\000s}{}% 4
\BOOKMARK [0][-]{chapter*.7}{\376\377\000C\000o\000n\000t\000e\000n\000t\000s}{}% 5
\BOOKMARK [0][-]{chapter*.9}{\376\377\000I\000n\000t\000r\000o\000d\000u\000c\000t\000i\000o\000n}{}% 6
\BOOKMARK [0][-]{chapter.1}{\376\377\000L\000i\000t\000e\000r\000a\000t\000u\000r\000e\000\040\000R\000e\000v\000i\000e\000w\000\040\000a\000n\000d\000\040\000P\000r\000o\000b\000l\000e\000m\000\040\000S\000t\000a\000t\000e\000m\000e\000n\000t}{}% 7
\BOOKMARK [1][-]{section.1.1}{\376\377\000B\000a\000c\000k\000g\000r\000o\000u\000n\000d\000:\000\040\000N\000a\000m\000e\000d\000\040\000E\000n\000t\000i\000t\000y\000\040\000R\000e\000c\000o\000g\000n\000i\000t\000i\000o\000n}{chapter.1}% 8
\BOOKMARK [1][-]{section.1.2}{\376\377\000M\000u\000l\000t\000i\000l\000i\000n\000g\000u\000a\000l\000\040\000a\000n\000d\000\040\000C\000r\000o\000s\000s\000-\000L\000i\000n\000g\000u\000a\000l\000\040\000N\000E\000R}{chapter.1}% 9
\BOOKMARK [1][-]{section.1.3}{\376\377\000G\000e\000o\000p\000a\000r\000s\000i\000n\000g\000\040\000a\000n\000d\000\040\000G\000e\000o\000g\000r\000a\000p\000h\000i\000c\000\040\000N\000E\000R}{chapter.1}% 10
\BOOKMARK [1][-]{section.1.4}{\376\377\000L\000a\000r\000g\000e\000\040\000L\000a\000n\000g\000u\000a\000g\000e\000\040\000M\000o\000d\000e\000l\000s\000\040\000f\000o\000r\000\040\000I\000n\000f\000o\000r\000m\000a\000t\000i\000o\000n\000\040\000E\000x\000t\000r\000a\000c\000t\000i\000o\000n}{chapter.1}% 11
\BOOKMARK [1][-]{section.1.5}{\376\377\000R\000e\000s\000e\000a\000r\000c\000h\000\040\000G\000a\000p\000\040\000a\000n\000d\000\040\000P\000r\000o\000b\000l\000e\000m\000\040\000S\000t\000a\000t\000e\000m\000e\000n\000t}{chapter.1}% 12
\BOOKMARK [2][-]{subsection.1.5.1}{\376\377\000F\000o\000r\000m\000a\000l\000\040\000P\000r\000o\000b\000l\000e\000m\000\040\000D\000e\000f\000i\000n\000i\000t\000i\000o\000n}{section.1.5}% 13
\BOOKMARK [2][-]{subsection.1.5.2}{\376\377\000E\000n\000t\000i\000t\000y\000\040\000T\000y\000p\000e\000s}{section.1.5}% 14
\BOOKMARK [2][-]{subsection.1.5.3}{\376\377\000R\000e\000s\000e\000a\000r\000c\000h\000\040\000A\000i\000m\000\040\000a\000n\000d\000\040\000O\000b\000j\000e\000c\000t\000i\000v\000e\000s}{section.1.5}% 15
\BOOKMARK [0][-]{chapter.2}{\376\377\000D\000a\000t\000a\000s\000e\000t\000,\000\040\000M\000e\000t\000h\000o\000d\000o\000l\000o\000g\000y\000,\000\040\000a\000n\000d\000\040\000E\000x\000p\000e\000r\000i\000m\000e\000n\000t\000a\000l\000\040\000R\000e\000s\000u\000l\000t\000s}{}% 16
\BOOKMARK [1][-]{section.2.1}{\376\377\000D\000a\000t\000a\000s\000e\000t\000\040\000a\000n\000d\000\040\000A\000n\000n\000o\000t\000a\000t\000i\000o\000n}{chapter.2}% 17
\BOOKMARK [2][-]{subsection.2.1.1}{\376\377\000D\000a\000t\000a\000\040\000S\000o\000u\000r\000c\000e}{section.2.1}% 18
\BOOKMARK [2][-]{subsection.2.1.2}{\376\377\000A\000n\000n\000o\000t\000a\000t\000i\000o\000n\000\040\000P\000r\000o\000c\000e\000d\000u\000r\000e}{section.2.1}% 19
\BOOKMARK [2][-]{subsection.2.1.3}{\376\377\000D\000a\000t\000a\000\040\000C\000h\000a\000r\000a\000c\000t\000e\000r\000i\000s\000t\000i\000c\000s\000\040\000a\000n\000d\000\040\000C\000h\000a\000l\000l\000e\000n\000g\000e\000s}{section.2.1}% 20
\BOOKMARK [1][-]{section.2.2}{\376\377\000M\000e\000t\000h\000o\000d\000o\000l\000o\000g\000y}{chapter.2}% 21
\BOOKMARK [2][-]{subsection.2.2.1}{\376\377\000X\000L\000M\000-\000R\000o\000B\000E\000R\000T\000a}{section.2.2}% 22
\BOOKMARK [2][-]{subsection.2.2.2}{\376\377\000r\000u\000B\000E\000R\000T}{section.2.2}% 23
\BOOKMARK [2][-]{subsection.2.2.3}{\376\377\000L\000L\000M\000\040\000F\000e\000w\000-\000S\000h\000o\000t\000\040\000I\000n\000f\000e\000r\000e\000n\000c\000e\000\040\000\050\000Q\000w\000e\000n\0002\000.\0005\000:\0007\000B\000\051}{section.2.2}% 24
\BOOKMARK [2][-]{subsection.2.2.4}{\376\377\000M\000u\000l\000t\000i\000l\000i\000n\000g\000u\000a\000l\000-\000E\0005\000-\000b\000a\000s\000e\000\040\000\050\000M\000e\0005\000-\000b\000a\000s\000e\000\051}{section.2.2}% 25
\BOOKMARK [1][-]{section.2.3}{\376\377\000E\000v\000a\000l\000u\000a\000t\000i\000o\000n\000\040\000M\000e\000t\000r\000i\000c\000s}{chapter.2}% 26
\BOOKMARK [1][-]{section.2.4}{\376\377\000E\000x\000p\000e\000r\000i\000m\000e\000n\000t\000a\000l\000\040\000R\000e\000s\000u\000l\000t\000s}{chapter.2}% 27
\BOOKMARK [2][-]{subsection.2.4.1}{\376\377\000X\000L\000M\000-\000R\000o\000B\000E\000R\000T\000a\000\040\000R\000e\000s\000u\000l\000t\000s}{section.2.4}% 28
\BOOKMARK [2][-]{subsection.2.4.2}{\376\377\000r\000u\000B\000E\000R\000T\000\040\000R\000e\000s\000u\000l\000t\000s}{section.2.4}% 29
\BOOKMARK [2][-]{subsection.2.4.3}{\376\377\000L\000L\000M\000\040\000Q\000w\000e\000n\0002\000.\0005\000:\0007\000B\000\040\000R\000e\000s\000u\000l\000t\000s}{section.2.4}% 30
\BOOKMARK [2][-]{subsection.2.4.4}{\376\377\000M\000e\0005\000-\000b\000a\000s\000e\000\040\000R\000e\000s\000u\000l\000t\000s}{section.2.4}% 31
\BOOKMARK [2][-]{subsection.2.4.5}{\376\377\000O\000v\000e\000r\000a\000l\000l\000\040\000M\000o\000d\000e\000l\000\040\000C\000o\000m\000p\000a\000r\000i\000s\000o\000n}{section.2.4}% 32
\BOOKMARK [1][-]{section.2.5}{\376\377\000D\000i\000s\000c\000u\000s\000s\000i\000o\000n}{chapter.2}% 33
\BOOKMARK [2][-]{subsection.2.5.1}{\376\377\000I\000m\000p\000a\000c\000t\000\040\000o\000f\000\040\000M\000u\000l\000t\000i\000l\000i\000n\000g\000u\000a\000l\000\040\000P\000r\000e\000-\000t\000r\000a\000i\000n\000i\000n\000g}{section.2.5}% 34
\BOOKMARK [2][-]{subsection.2.5.2}{\376\377\000F\000i\000n\000e\000-\000T\000u\000n\000i\000n\000g\000\040\000v\000s\000.\000\040\000F\000e\000w\000-\000S\000h\000o\000t\000\040\000L\000L\000M\000\040\000I\000n\000f\000e\000r\000e\000n\000c\000e}{section.2.5}% 35
\BOOKMARK [2][-]{subsection.2.5.3}{\376\377\000S\000T\000R\000E\000E\000T\000\137\000I\000N\000T\000E\000R\000S\000E\000C\000T\000I\000O\000N\000:\000\040\000T\000h\000e\000\040\000C\000r\000i\000t\000i\000c\000a\000l\000\040\000G\000e\000o\000t\000a\000g\000\040\000E\000n\000t\000i\000t\000y}{section.2.5}% 36
\BOOKMARK [0][-]{chapter.3}{\376\377\000C\000o\000n\000c\000l\000u\000s\000i\000o\000n}{}% 37
\BOOKMARK [0][-]{chapter.3}{\376\377\000C\000o\000n\000c\000l\000u\000s\000i\000o\000n}{}% 38
